<?xml version="1.0" encoding="UTF-8"?>
<coverage generated="1701466660584" clover="3.2.0">
  <project timestamp="1701466660584" name="All files">
    <metrics statements="23" coveredstatements="17" conditionals="2" coveredconditionals="2" methods="4" coveredmethods="1" elements="29" coveredelements="20" complexity="0" loc="23" ncloc="23" packages="1" files="1" classes="1"/>
    <file name="http-client.plugin.ts" path="C:\Users\jjere\Dropbox\Udemy\NodeJS - Fernando Herrera\Node\02-bases\src\plugins\http-client.plugin.ts">
      <metrics statements="23" coveredstatements="17" conditionals="2" coveredconditionals="2" methods="4" coveredmethods="1"/>
      <line num="1" count="1" type="stmt"/>
      <line num="2" count="1" type="stmt"/>
      <line num="3" count="1" type="stmt"/>
      <line num="4" count="1" type="stmt"/>
      <line num="5" count="1" type="stmt"/>
      <line num="6" count="1" type="cond" truecount="2" falsecount="0"/>
      <line num="7" count="1" type="stmt"/>
      <line num="8" count="1" type="stmt"/>
      <line num="9" count="1" type="stmt"/>
      <line num="10" count="1" type="stmt"/>
      <line num="11" count="1" type="stmt"/>
      <line num="12" count="1" type="stmt"/>
      <line num="13" count="1" type="stmt"/>
      <line num="14" count="0" type="stmt"/>
      <line num="15" count="0" type="stmt"/>
      <line num="16" count="1" type="stmt"/>
      <line num="17" count="0" type="stmt"/>
      <line num="18" count="0" type="stmt"/>
      <line num="19" count="1" type="stmt"/>
      <line num="20" count="0" type="stmt"/>
      <line num="21" count="0" type="stmt"/>
      <line num="22" count="1" type="stmt"/>
      <line num="23" count="1" type="stmt"/>
    </file>
  </project>
</coverage>
